<?xml version="1.0" encoding="UTF-8"?>
<!-- Generated by org.testng.reporters.JUnitReportReporter -->
<testsuite hostname="DESKTOP-O5BAGMD" failures="0" tests="1" name="testPages.GoogleSearch" time="12.944" errors="0" timestamp="25 Sep 2019 13:59:30 GMT" skipped="0">
  <testcase classname="testPages.GoogleSearch" name="searchForBirst" time="12.944"/>
</testsuite> <!-- testPages.GoogleSearch -->
